	Command being timed: "/projects/bgmp/aholston/bioinformatics/Bi622/demultiplexing-holston-a/Assignment-the-third/demux_script.py -1 /projects/bgmp/shared/2017_sequencing/1294_S1_L008_R1_001.fastq.gz -2 /projects/bgmp/shared/2017_sequencing/1294_S1_L008_R2_001.fastq.gz -3 /projects/bgmp/shared/2017_sequencing/1294_S1_L008_R3_001.fastq.gz -4 /projects/bgmp/shared/2017_sequencing/1294_S1_L008_R4_001.fastq.gz -i /projects/bgmp/shared/2017_sequencing/indexes.txt"
	User time (seconds): 6495.54
	System time (seconds): 66.56
	Percent of CPU this job got: 98%
	Elapsed (wall clock) time (h:mm:ss or m:ss): 1:50:37
	Average shared text size (kbytes): 0
	Average unshared data size (kbytes): 0
	Average stack size (kbytes): 0
	Average total size (kbytes): 0
	Maximum resident set size (kbytes): 125256
	Average resident set size (kbytes): 0
	Major (requiring I/O) page faults: 0
	Minor (reclaiming a frame) page faults: 689482
	Voluntary context switches: 96846
	Involuntary context switches: 18522
	Swaps: 0
	File system inputs: 0
	File system outputs: 0
	Socket messages sent: 0
	Socket messages received: 0
	Signals delivered: 0
	Page size (bytes): 4096
	Exit status: 0
